01/30/2020 16:51:19 - WARNING - __main__ -   Process rank: -1, device: cuda, n_gpu: 1, distributed training: False, 16-bits training: False
01/30/2020 16:51:19 - INFO - transformers.configuration_utils -   loading configuration file https://s3.amazonaws.com/models.huggingface.co/bert/albert-large-v2-config.json from cache at /h/mtian/.cache/torch/transformers/4f6b2675253400aebc8ab1673ec27add127daf362af404ae81bfc57880c04d85.806442cb0cfd682827eb0d6c74597ae2d6beff73038529a3ed42bcda29bc4a09
01/30/2020 16:51:19 - INFO - transformers.configuration_utils -   Model config {
  "attention_probs_dropout_prob": 0,
  "down_scale_factor": 1,
  "embedding_size": 128,
  "finetuning_task": null,
  "gap_size": 0,
  "hidden_act": "gelu_new",
  "hidden_dropout_prob": 0,
  "hidden_size": 1024,
  "initializer_range": 0.02,
  "inner_group_num": 1,
  "intermediate_size": 4096,
  "is_decoder": false,
  "layer_norm_eps": 1e-12,
  "max_position_embeddings": 512,
  "net_structure_type": 0,
  "num_attention_heads": 16,
  "num_hidden_groups": 1,
  "num_hidden_layers": 24,
  "num_labels": 2,
  "num_memory_blocks": 0,
  "output_attentions": false,
  "output_hidden_states": false,
  "output_past": true,
  "pruned_heads": {},
  "torchscript": false,
  "type_vocab_size": 2,
  "use_bfloat16": false,
  "vocab_size": 30000
}

01/30/2020 16:51:19 - INFO - transformers.tokenization_utils -   loading file https://s3.amazonaws.com/models.huggingface.co/bert/albert-large-v2-spiece.model from cache at /h/mtian/.cache/torch/transformers/6a228bf1ddec144cf2e94c6c762dfce1b721a082cf98437db1c62172bbd4d6c3.c81d4deb77aec08ce575b7a39a989a79dd54f321bfb82c2b54dd35f52f8182cf
01/30/2020 16:51:19 - WARNING - transformers.modeling_utils -   There is currently an upstream reproducibility issue with ALBERT v2 models. Please see https://github.com/google-research/google-research/issues/119 for more information.
01/30/2020 16:51:19 - INFO - transformers.modeling_utils -   loading weights file https://s3.amazonaws.com/models.huggingface.co/bert/albert-large-v2-pytorch_model.bin from cache at /h/mtian/.cache/torch/transformers/e6fd1be612c6797d1dc556e26724c9ed6ea0a45b79e3486533eccf9432a23ce6.857dc1dec4c7a7f2a7a0088f4139c2424ecc3d9a238f5c02de82f24a1eb69439
01/30/2020 16:51:20 - INFO - transformers.modeling_utils -   Weights of AlbertForQuestionAnswering not initialized from pretrained model: ['qa_outputs.weight', 'qa_outputs.bias']
01/30/2020 16:51:20 - INFO - transformers.modeling_utils -   Weights from pretrained model not used in AlbertForQuestionAnswering: ['predictions.bias', 'predictions.LayerNorm.weight', 'predictions.LayerNorm.bias', 'predictions.dense.weight', 'predictions.dense.bias', 'predictions.decoder.weight', 'predictions.decoder.bias']
01/30/2020 16:51:23 - INFO - __main__ -   Training/evaluation parameters Namespace(adam_epsilon=1e-06, beta1=0.9, beta2=0.98, cache_dir='', config_name='', device=device(type='cuda'), do_eval=False, do_lower_case=True, do_train=True, doc_stride=128, eval_all_checkpoints=False, evaluate_during_training=False, fp16=False, fp16_opt_level='O1', gradient_accumulation_steps=16, learning_rate=5e-05, local_rank=-1, logging_steps=50, lr_scheduler='cosine', max_answer_length=30, max_grad_norm=1.0, max_query_length=64, max_seq_length=512, max_steps=-1, model_name_or_path='albert-large-v2', model_type='albert', n_best_size=20, n_gpu=1, no_cuda=False, null_score_diff_threshold=0.0, num_train_epochs=2.0, output_dir='./output/models/bioasq_albert_v2_lre5-5_2/', overwrite_cache=False, overwrite_output_dir=True, per_gpu_eval_batch_size=2, per_gpu_train_batch_size=2, predict_file='/scratch/gobi1/mtian/BioASQ/BioASQ-test-factoid-4b-1.json', save_steps=50, seed=42, server_ip='', server_port='', tokenizer_name='', train_file='/scratch/gobi1/mtian/BioASQ/BioASQ-train-factoid-4b.json', verbose_logging=False, version_2_with_negative=False, warmup_steps=0, weight_decay=0.0)
01/30/2020 16:51:23 - INFO - __main__ -   Creating features from dataset file at /scratch/gobi1/mtian/BioASQ/BioASQ-train-factoid-4b.json
Traceback (most recent call last):
  File "./examples/run_squad_max.py", line 587, in <module>
    main()
  File "./examples/run_squad_max.py", line 532, in main
    train_dataset = load_and_cache_examples(args, tokenizer, evaluate=False, output_examples=False)
  File "./examples/run_squad_max.py", line 319, in load_and_cache_examples
    version_2_with_negative=args.version_2_with_negative)
  File "/h/mtian/transformers/examples/utils_squad.py", line 114, in read_squad_examples
    with open(input_file, "r", encoding='utf-8') as reader:
FileNotFoundError: [Errno 2] No such file or directory: '/scratch/gobi1/mtian/BioASQ/BioASQ-train-factoid-4b.json'
