usage: run_squad_max.py [-h] --train_file TRAIN_FILE --predict_file
                        PREDICT_FILE --model_type MODEL_TYPE
                        --model_name_or_path MODEL_NAME_OR_PATH --output_dir
                        OUTPUT_DIR [--config_name CONFIG_NAME]
                        [--tokenizer_name TOKENIZER_NAME]
                        [--cache_dir CACHE_DIR] [--version_2_with_negative]
                        [--null_score_diff_threshold NULL_SCORE_DIFF_THRESHOLD]
                        [--max_seq_length MAX_SEQ_LENGTH]
                        [--doc_stride DOC_STRIDE]
                        [--max_query_length MAX_QUERY_LENGTH] [--do_train]
                        [--do_eval] [--evaluate_during_training]
                        [--do_lower_case]
                        [--per_gpu_train_batch_size PER_GPU_TRAIN_BATCH_SIZE]
                        [--per_gpu_eval_batch_size PER_GPU_EVAL_BATCH_SIZE]
                        [--learning_rate LEARNING_RATE]
                        [--gradient_accumulation_steps GRADIENT_ACCUMULATION_STEPS]
                        [--weight_decay WEIGHT_DECAY] [--beta1 BETA1]
                        [--beta2 BETA2] [--adam_epsilon ADAM_EPSILON]
                        [--max_grad_norm MAX_GRAD_NORM]
                        [--num_train_epochs NUM_TRAIN_EPOCHS]
                        [--max_steps MAX_STEPS] [--warmup_steps WARMUP_STEPS]
                        [--n_best_size N_BEST_SIZE]
                        [--max_answer_length MAX_ANSWER_LENGTH]
                        [--verbose_logging] [--logging_steps LOGGING_STEPS]
                        [--save_steps SAVE_STEPS] [--eval_all_checkpoints]
                        [--no_cuda] [--overwrite_output_dir]
                        [--overwrite_cache] [--seed SEED]
                        [--local_rank LOCAL_RANK] [--fp16]
                        [--fp16_opt_level FP16_OPT_LEVEL]
                        [--server_ip SERVER_IP] [--server_port SERVER_PORT]
                        [--lr_scheduler LR_SCHEDULER]
run_squad_max.py: error: the following arguments are required: --train_file, --predict_file, --model_type, --model_name_or_path, --output_dir
/var/spool/slurmd/job252023/slurm_script: line 7: --model_type: command not found
